This is pdfTeX, Version 3.14159265-2.6-1.40.19 (TeX Live 2018/W32TeX) (preloaded format=pdflatex 2019.2.18)  29 MAY 2019 18:31
entering extended mode
 restricted \write18 enabled.
 file:line:error style messages enabled.
 %&-line parsing enabled.
**d:/git/LaTeX-learning-notes/jxust±ÏÒµÂÛÎÄÄ£°å/jxustgt.tex

! Emergency stop.
<to be read again> 
                   \protect 
<*> d:/git/LaTeX-learning-notes/jxust±
                                      ÏÒµÂÛÎÄÄ£°å/jxustgt.tex
*** (job aborted, file error in nonstop mode)

 
Here is how much of TeX's memory you used:
 5 strings out of 492649
 227 string characters out of 6133384
 56311 words of memory out of 5000000
 3988 multiletter control sequences out of 15000+600000
 3640 words of font info for 14 fonts, out of 8000000 for 9000
 1141 hyphenation exceptions out of 8191
 3i,0n,3p,1b,6s stack positions out of 5000i,500n,10000p,200000b,80000s
!  ==> Fatal error occurred, no output PDF file produced!
