\BOOKMARK [0][]{chapter.1}{\376\377\0001\000\040\130\360\146\016}{}% 1
\BOOKMARK [0][]{chapter.2}{\376\377\0002\000\040\232\330\173\111\145\160\133\146\213\325\123\167\154\107\140\073}{}% 2
\BOOKMARK [1][]{section.2.1}{\376\377\0002\000.\0001\000\040\232\330\145\160\000\050\116\000\000\051\147\037\116\055}{chapter.2}% 3
\BOOKMARK [2][]{subsection.2.1.1}{\376\377\0002\000.\0001\000.\0001\000\040\0002\0000\0001\0008\000-\0002\0000\0001\0009\000A\0007}{section.2.1}% 4
\BOOKMARK [2][]{subsection.2.1.2}{\376\377\0002\000.\0001\000.\0002\000\040\0002\0000\0001\0008\000-\0002\0000\0001\0009\000A\0007\173\124\150\110}{section.2.1}% 5
\BOOKMARK [1][]{section.2.2}{\376\377\0002\000.\0002\000\040\232\330\145\160\000\050\116\000\000\051\147\037\176\310}{chapter.2}% 6
\BOOKMARK [2][]{subsection.2.2.1}{\376\377\0002\000.\0002\000.\0001\000\040\0002\0000\0001\0008\000-\0002\0000\0001\0009\000A\0001\0005}{section.2.2}% 7
\BOOKMARK [2][]{subsection.2.2.2}{\376\377\0002\000.\0002\000.\0002\000\040\0002\0000\0001\0008\000-\0002\0000\0001\0009\000A\0001\0005\173\124\150\110}{section.2.2}% 8
\BOOKMARK [1][]{section.2.3}{\376\377\0002\000.\0003\000\040\232\330\145\160\000\050\116\214\000\051\147\037\116\055}{chapter.2}% 9
\BOOKMARK [2][]{subsection.2.3.1}{\376\377\0002\000.\0003\000.\0001\000\040\0002\0000\0001\0007\000-\0002\0000\0001\0008}{section.2.3}% 10
\BOOKMARK [2][]{subsection.2.3.2}{\376\377\0002\000.\0003\000.\0002\000\040\0002\0000\0001\0007\000-\0002\0000\0001\0008\173\124\150\110}{section.2.3}% 11
\BOOKMARK [2][]{subsection.2.3.3}{\376\377\0002\000.\0003\000.\0003\000\040\0002\0000\0001\0008\000-\0002\0000\0001\0009\000B\0001\0000}{section.2.3}% 12
\BOOKMARK [1][]{section.2.4}{\376\377\0002\000.\0004\000\040\232\330\145\160\000\050\116\214\000\051\147\037\176\310}{chapter.2}% 13
\BOOKMARK [2][]{subsection.2.4.1}{\376\377\0002\000.\0004\000.\0001\000\040\0002\0000\0001\0004\000-\0002\0000\0001\0005}{section.2.4}% 14
\BOOKMARK [2][]{subsection.2.4.2}{\376\377\0002\000.\0004\000.\0002\000\040\0002\0000\0001\0007\000-\0002\0000\0001\0008\000A}{section.2.4}% 15
\BOOKMARK [2][]{subsection.2.4.3}{\376\377\0002\000.\0004\000.\0003\000\040\0002\0000\0001\0007\000-\0002\0000\0001\0008\000A\173\124\150\110}{section.2.4}% 16
\BOOKMARK [2][]{subsection.2.4.4}{\376\377\0002\000.\0004\000.\0004\000\040\0002\0000\0001\0007\000-\0002\0000\0001\0008\000B}{section.2.4}% 17
\BOOKMARK [2][]{subsection.2.4.5}{\376\377\0002\000.\0004\000.\0005\000\040\0002\0000\0001\0007\000-\0002\0000\0001\0008\000B\173\124\150\110}{section.2.4}% 18
\BOOKMARK [1][]{section.2.5}{\376\377\0002\000.\0005\000\040\230\235\131\026\166\204\176\303\116\140}{chapter.2}% 19
\BOOKMARK [0][]{chapter.3}{\376\377\0003\000\040\176\277\140\047\116\343\145\160\213\325\123\167\154\107\140\073}{}% 20
\BOOKMARK [0][]{chapter.4}{\376\377\0004\000\040\151\202\163\207\176\337\213\241\213\325\123\167\154\107\140\073}{}% 21
\BOOKMARK [0][]{chapter.5}{\376\377\0005\000\040\131\015\123\330\121\375\145\160\213\325\123\167\154\107\140\073}{}% 22
\BOOKMARK [1][]{section.5.1}{\376\377\0005\000.\0001\000\040\0002\0000\0001\0008\000-\0002\0000\0001\0009\000A}{chapter.5}% 23
\BOOKMARK [1][]{section.5.2}{\376\377\0005\000.\0002\000\040\0002\0000\0001\0008\000-\0002\0000\0001\0009\000A\173\124\150\110}{chapter.5}% 24
